Build started 1/15/2015 11:48:18 PM.
     1>Project "C:\Users\uh\documents\visual studio 2010\Projects\ChatApp\ChatApp\ChatApp.vcxproj" on node 2 (build target(s)).
     1>InitializeBuildStatus:
         Touching "Debug\ChatApp.unsuccessfulbuild".
       ClCompile:
         C:\Program Files (x86)\Microsoft Visual Studio 10.0\VC\bin\CL.exe /c /ZI /nologo /W3 /WX- /Od /Oy- /D WIN32 /D _DEBUG /D _WINDOWS /D _UNICODE /D UNICODE /Gm /EHsc /RTC1 /MDd /GS /fp:precise /Zc:wchar_t /Zc:forScope /Yc"StdAfx.h" /Fp"Debug\ChatApp.pch" /Fo"Debug\\" /Fd"Debug\vc100.pdb" /Gd /TP /analyze- /errorReport:prompt stdafx.cpp
         stdafx.cpp
     1>c:\program files (x86)\microsoft sdks\windows\v7.0a\include\windows.h(151): fatal error C1083: Cannot open include file: 'excpt.h': No such file or directory
     1>Done Building Project "C:\Users\uh\documents\visual studio 2010\Projects\ChatApp\ChatApp\ChatApp.vcxproj" (build target(s)) -- FAILED.

Build FAILED.

Time Elapsed 00:00:00.11
